<?xml version="1.0" encoding="UTF-8"?>
<!-- Generated by org.testng.reporters.JUnitReportReporter -->
<testsuite hostname="mech.local" failures="0" tests="4" name="DEMO.Po.Testng" time="23.831" errors="0" timestamp="13 Jun 2021 17:25:33 GMT" skipped="0">
  <testcase classname="DEMO.Po.Testng" name="fbLoginLogout" time="5.529"/>
  <testcase classname="DEMO.Po.Testng" name="fbLoginLogout" time="5.784"/>
  <testcase classname="DEMO.Po.Testng" name="fbLoginLogout" time="6.595"/>
  <testcase classname="DEMO.Po.Testng" name="fbLoginLogout" time="5.923"/>
</testsuite> <!-- DEMO.Po.Testng -->
