<?xml version="1.0" encoding="UTF-8"?>
<!-- Generated by org.testng.reporters.JUnitReportReporter -->
<testsuite hostname="mech.local" failures="0" tests="2" name="tests.Data" time="5.208" errors="0" timestamp="14 Jun 2021 14:09:26 GMT" skipped="0">
  <testcase classname="tests.Data" name="fbLoginLogout" time="2.693"/>
  <testcase classname="tests.Data" name="fbLoginLogout" time="2.515"/>
</testsuite> <!-- tests.Data -->
