<?xml version="1.0" encoding="UTF-8"?>
<!-- Generated by org.testng.reporters.JUnitReportReporter -->
<testsuite skipped="0" hostname="mech.local" name="tests.DataDrivenTest" tests="1" failures="0" timestamp="14 Jun 2021 18:27:33 GMT" time="16.179" errors="0">
  <testcase name="fbLoginLogout" time="16.179" classname="tests.DataDrivenTest"/>
</testsuite> <!-- tests.DataDrivenTest -->
